<?xml version="1.0" encoding="UTF-8"?>
<coverage generated="1781746327015" clover="3.2.0">
  <project timestamp="1781746327015" name="All files">
    <metrics statements="216" coveredstatements="168" conditionals="176" coveredconditionals="112" methods="37" coveredmethods="30" elements="429" coveredelements="310" complexity="0" loc="216" ncloc="216" packages="1" files="2" classes="2"/>
    <file name="ad-rotator.ts" path="/var/www/html/ad-rotator/src/ad-rotator.ts">
      <metrics statements="214" coveredstatements="166" conditionals="176" coveredconditionals="112" methods="34" coveredmethods="27"/>
      <line num="2" count="1" type="stmt"/>
      <line num="3" count="1" type="stmt"/>
      <line num="6" count="1" type="stmt"/>
      <line num="7" count="1" type="stmt"/>
      <line num="12" count="1" type="stmt"/>
      <line num="13" count="47" type="cond" truecount="4" falsecount="1"/>
      <line num="15" count="1" type="stmt"/>
      <line num="23" count="1" type="stmt"/>
      <line num="33" count="72" type="stmt"/>
      <line num="37" count="1" type="stmt"/>
      <line num="38" count="72" type="stmt"/>
      <line num="39" count="72" type="cond" truecount="2" falsecount="0"/>
      <line num="47" count="1" type="stmt"/>
      <line num="48" count="36" type="cond" truecount="1" falsecount="1"/>
      <line num="49" count="36" type="stmt"/>
      <line num="50" count="36" type="stmt"/>
      <line num="51" count="36" type="cond" truecount="2" falsecount="0"/>
      <line num="52" count="35" type="cond" truecount="2" falsecount="0"/>
      <line num="59" count="1" type="stmt"/>
      <line num="60" count="36" type="cond" truecount="1" falsecount="1"/>
      <line num="61" count="36" type="stmt"/>
      <line num="62" count="36" type="stmt"/>
      <line num="63" count="36" type="cond" truecount="2" falsecount="0"/>
      <line num="64" count="8" type="cond" truecount="4" falsecount="0"/>
      <line num="65" count="4" type="cond" truecount="3" falsecount="1"/>
      <line num="66" count="0" type="stmt"/>
      <line num="70" count="1" type="stmt"/>
      <line num="71" count="72" type="cond" truecount="2" falsecount="0"/>
      <line num="72" count="4" type="stmt"/>
      <line num="73" count="7" type="cond" truecount="1" falsecount="1"/>
      <line num="79" count="1" type="stmt"/>
      <line num="86" count="1" type="stmt"/>
      <line num="87" count="36" type="stmt"/>
      <line num="88" count="36" type="stmt"/>
      <line num="89" count="36" type="stmt"/>
      <line num="90" count="36" type="cond" truecount="1" falsecount="1"/>
      <line num="91" count="36" type="stmt"/>
      <line num="92" count="36" type="stmt"/>
      <line num="93" count="36" type="stmt"/>
      <line num="94" count="36" type="stmt"/>
      <line num="95" count="36" type="stmt"/>
      <line num="98" count="36" type="cond" truecount="3" falsecount="1"/>
      <line num="99" count="36" type="stmt"/>
      <line num="100" count="36" type="stmt"/>
      <line num="101" count="36" type="stmt"/>
      <line num="103" count="36" type="cond" truecount="1" falsecount="1"/>
      <line num="117" count="1" type="stmt"/>
      <line num="118" count="0" type="cond" truecount="0" falsecount="2"/>
      <line num="120" count="0" type="cond" truecount="0" falsecount="2"/>
      <line num="122" count="0" type="stmt"/>
      <line num="124" count="0" type="stmt"/>
      <line num="125" count="0" type="stmt"/>
      <line num="129" count="0" type="stmt"/>
      <line num="130" count="0" type="stmt"/>
      <line num="131" count="0" type="stmt"/>
      <line num="133" count="0" type="cond" truecount="0" falsecount="2"/>
      <line num="136" count="0" type="stmt"/>
      <line num="137" count="0" type="stmt"/>
      <line num="142" count="0" type="stmt"/>
      <line num="145" count="0" type="stmt"/>
      <line num="148" count="0" type="stmt"/>
      <line num="151" count="1" type="stmt"/>
      <line num="152" count="4" type="cond" truecount="6" falsecount="0"/>
      <line num="154" count="1" type="stmt"/>
      <line num="155" count="1" type="cond" truecount="1" falsecount="1"/>
      <line num="157" count="1" type="stmt"/>
      <line num="158" count="1" type="stmt"/>
      <line num="159" count="1" type="stmt"/>
      <line num="161" count="1" type="stmt"/>
      <line num="162" count="0" type="cond" truecount="0" falsecount="2"/>
      <line num="163" count="0" type="stmt"/>
      <line num="164" count="0" type="cond" truecount="0" falsecount="4"/>
      <line num="165" count="0" type="stmt"/>
      <line num="166" count="0" type="stmt"/>
      <line num="168" count="0" type="cond" truecount="0" falsecount="4"/>
      <line num="169" count="0" type="stmt"/>
      <line num="172" count="0" type="stmt"/>
      <line num="173" count="0" type="cond" truecount="0" falsecount="2"/>
      <line num="177" count="0" type="stmt"/>
      <line num="178" count="0" type="cond" truecount="0" falsecount="2"/>
      <line num="179" count="0" type="cond" truecount="0" falsecount="2"/>
      <line num="181" count="0" type="cond" truecount="0" falsecount="2"/>
      <line num="183" count="0" type="stmt"/>
      <line num="184" count="0" type="stmt"/>
      <line num="186" count="0" type="stmt"/>
      <line num="188" count="0" type="stmt"/>
      <line num="190" count="0" type="stmt"/>
      <line num="194" count="1" type="stmt"/>
      <line num="195" count="1" type="stmt"/>
      <line num="203" count="1" type="stmt"/>
      <line num="204" count="7" type="stmt"/>
      <line num="205" count="7" type="stmt"/>
      <line num="206" count="26" type="cond" truecount="2" falsecount="0"/>
      <line num="208" count="7" type="stmt"/>
      <line num="209" count="7" type="stmt"/>
      <line num="210" count="21" type="cond" truecount="2" falsecount="0"/>
      <line num="211" count="21" type="cond" truecount="2" falsecount="0"/>
      <line num="213" count="0" type="stmt"/>
      <line num="216" count="1" type="stmt"/>
      <line num="224" count="36" type="cond" truecount="2" falsecount="0"/>
      <line num="226" count="8" type="cond" truecount="2" falsecount="0"/>
      <line num="229" count="8" type="stmt"/>
      <line num="230" count="8" type="cond" truecount="2" falsecount="1"/>
      <line num="231" count="0" type="stmt"/>
      <line num="233" count="8" type="stmt"/>
      <line num="234" count="8" type="cond" truecount="2" falsecount="0"/>
      <line num="235" count="7" type="stmt"/>
      <line num="237" count="1" type="stmt"/>
      <line num="241" count="28" type="stmt"/>
      <line num="242" count="28" type="cond" truecount="2" falsecount="0"/>
      <line num="246" count="36" type="stmt"/>
      <line num="247" count="36" type="stmt"/>
      <line num="248" count="36" type="stmt"/>
      <line num="249" count="36" type="stmt"/>
      <line num="250" count="36" type="cond" truecount="2" falsecount="0"/>
      <line num="252" count="36" type="stmt"/>
      <line num="253" count="1" type="cond" truecount="1" falsecount="1"/>
      <line num="256" count="36" type="stmt"/>
      <line num="257" count="36" type="stmt"/>
      <line num="258" count="36" type="stmt"/>
      <line num="259" count="36" type="stmt"/>
      <line num="261" count="36" type="cond" truecount="2" falsecount="0"/>
      <line num="263" count="14" type="stmt"/>
      <line num="264" count="14" type="stmt"/>
      <line num="265" count="14" type="stmt"/>
      <line num="267" count="22" type="stmt"/>
      <line num="272" count="36" type="stmt"/>
      <line num="275" count="36" type="stmt"/>
      <line num="277" count="36" type="stmt"/>
      <line num="279" count="36" type="stmt"/>
      <line num="282" count="36" type="cond" truecount="2" falsecount="0"/>
      <line num="284" count="36" type="stmt"/>
      <line num="290" count="1" type="cond" truecount="1" falsecount="1"/>
      <line num="291" count="47" type="stmt"/>
      <line num="293" count="47" type="stmt"/>
      <line num="294" count="47" type="cond" truecount="2" falsecount="0"/>
      <line num="306" count="7" type="stmt"/>
      <line num="308" count="7" type="stmt"/>
      <line num="313" count="40" type="stmt"/>
      <line num="316" count="40" type="stmt"/>
      <line num="319" count="40" type="stmt"/>
      <line num="320" count="96" type="cond" truecount="4" falsecount="0"/>
      <line num="321" count="47" type="stmt"/>
      <line num="324" count="40" type="stmt"/>
      <line num="325" count="40" type="stmt"/>
      <line num="328" count="40" type="stmt"/>
      <line num="329" count="40" type="stmt"/>
      <line num="332" count="40" type="stmt"/>
      <line num="336" count="35" type="stmt"/>
      <line num="337" count="35" type="stmt"/>
      <line num="338" count="1" type="stmt"/>
      <line num="340" count="1" type="cond" truecount="1" falsecount="1"/>
      <line num="342" count="35" type="stmt"/>
      <line num="343" count="0" type="stmt"/>
      <line num="345" count="35" type="stmt"/>
      <line num="346" count="35" type="stmt"/>
      <line num="348" count="35" type="stmt"/>
      <line num="349" count="35" type="stmt"/>
      <line num="351" count="35" type="cond" truecount="2" falsecount="4"/>
      <line num="352" count="0" type="stmt"/>
      <line num="357" count="37" type="cond" truecount="2" falsecount="0"/>
      <line num="358" count="2" type="stmt"/>
      <line num="359" count="2" type="stmt"/>
      <line num="361" count="37" type="cond" truecount="2" falsecount="0"/>
      <line num="362" count="37" type="cond" truecount="2" falsecount="0"/>
      <line num="363" count="37" type="stmt"/>
      <line num="365" count="37" type="cond" truecount="1" falsecount="1"/>
      <line num="366" count="0" type="stmt"/>
      <line num="367" count="0" type="stmt"/>
      <line num="368" count="0" type="stmt"/>
      <line num="369" count="0" type="cond" truecount="0" falsecount="2"/>
      <line num="373" count="0" type="stmt"/>
      <line num="374" count="0" type="cond" truecount="0" falsecount="2"/>
      <line num="375" count="0" type="stmt"/>
      <line num="377" count="0" type="stmt"/>
      <line num="384" count="40" type="stmt"/>
      <line num="387" count="11" type="cond" truecount="2" falsecount="0"/>
      <line num="388" count="1" type="stmt"/>
      <line num="389" count="1" type="stmt"/>
      <line num="393" count="36" type="cond" truecount="1" falsecount="1"/>
      <line num="394" count="0" type="stmt"/>
      <line num="395" count="0" type="cond" truecount="0" falsecount="2"/>
      <line num="396" count="0" type="stmt"/>
      <line num="400" count="36" type="cond" truecount="1" falsecount="1"/>
      <line num="401" count="36" type="cond" truecount="6" falsecount="0"/>
      <line num="402" count="35" type="stmt"/>
      <line num="403" count="35" type="stmt"/>
      <line num="404" count="35" type="stmt"/>
      <line num="405" count="35" type="stmt"/>
      <line num="408" count="2" type="cond" truecount="1" falsecount="1"/>
      <line num="409" count="2" type="stmt"/>
      <line num="411" count="2" type="cond" truecount="1" falsecount="1"/>
      <line num="412" count="2" type="cond" truecount="1" falsecount="1"/>
      <line num="415" count="2" type="stmt"/>
      <line num="416" count="1" type="stmt"/>
      <line num="417" count="1" type="stmt"/>
      <line num="418" count="1" type="stmt"/>
      <line num="420" count="1" type="cond" truecount="1" falsecount="1"/>
      <line num="422" count="2" type="stmt"/>
      <line num="426" count="2" type="cond" truecount="1" falsecount="1"/>
      <line num="427" count="2" type="stmt"/>
      <line num="428" count="2" type="stmt"/>
      <line num="429" count="2" type="stmt"/>
      <line num="431" count="2" type="stmt"/>
      <line num="434" count="5" type="cond" truecount="1" falsecount="1"/>
      <line num="435" count="5" type="cond" truecount="6" falsecount="0"/>
      <line num="436" count="2" type="stmt"/>
      <line num="438" count="2" type="stmt"/>
      <line num="442" count="5" type="cond" truecount="1" falsecount="1"/>
      <line num="443" count="5" type="cond" truecount="1" falsecount="1"/>
      <line num="445" count="5" type="cond" truecount="2" falsecount="0"/>
      <line num="446" count="8" type="stmt"/>
      <line num="448" count="5" type="stmt"/>
      <line num="452" count="40" type="stmt"/>
    </file>
    <file name="helpers.ts" path="/var/www/html/ad-rotator/src/helpers.ts">
      <metrics statements="2" coveredstatements="2" conditionals="0" coveredconditionals="0" methods="3" coveredmethods="3"/>
      <line num="7" count="49" type="stmt"/>
      <line num="13" count="2" type="stmt"/>
    </file>
  </project>
</coverage>
