{"/var/www/html/ad-rotator/src/ad-rotator.ts": {"path":"/var/www/html/ad-rotator/src/ad-rotator.ts","statementMap":{"0":{"start":{"line":2,"column":0},"end":{"line":2,"column":33}},"1":{"start":{"line":3,"column":0},"end":{"line":3,"column":22}},"2":{"start":{"line":6,"column":15},"end":{"line":6,"column":23}},"3":{"start":{"line":7,"column":16},"end":{"line":7,"column":25}},"4":{"start":{"line":12,"column":18},"end":{"line":13,"column":102}},"5":{"start":{"line":13,"column":2},"end":{"line":13,"column":102}},"6":{"start":{"line":15,"column":17},"end":{"line":15,"column":18}},"7":{"start":{"line":23,"column":23},"end":{"line":29,"column":14}},"8":{"start":{"line":33,"column":18},"end":{"line":33,"column":98}},"9":{"start":{"line":33,"column":43},"end":{"line":33,"column":98}},"10":{"start":{"line":37,"column":17},"end":{"line":40,"column":1}},"11":{"start":{"line":38,"column":12},"end":{"line":38,"column":46}},"12":{"start":{"line":39,"column":2},"end":{"line":39,"column":39}},"13":{"start":{"line":47,"column":20},"end":{"line":53,"column":1}},"14":{"start":{"line":48,"column":2},"end":{"line":48,"column":22}},"15":{"start":{"line":48,"column":12},"end":{"line":48,"column":22}},"16":{"start":{"line":49,"column":18},"end":{"line":49,"column":32}},"17":{"start":{"line":50,"column":17},"end":{"line":50,"column":34}},"18":{"start":{"line":51,"column":2},"end":{"line":51,"column":30}},"19":{"start":{"line":51,"column":15},"end":{"line":51,"column":30}},"20":{"start":{"line":52,"column":2},"end":{"line":52,"column":76}},"21":{"start":{"line":59,"column":20},"end":{"line":67,"column":1}},"22":{"start":{"line":60,"column":2},"end":{"line":60,"column":22}},"23":{"start":{"line":60,"column":12},"end":{"line":60,"column":22}},"24":{"start":{"line":61,"column":18},"end":{"line":61,"column":32}},"25":{"start":{"line":62,"column":17},"end":{"line":62,"column":34}},"26":{"start":{"line":63,"column":2},"end":{"line":63,"column":30}},"27":{"start":{"line":63,"column":15},"end":{"line":63,"column":30}},"28":{"start":{"line":64,"column":2},"end":{"line":64,"column":62}},"29":{"start":{"line":64,"column":47},"end":{"line":64,"column":62}},"30":{"start":{"line":65,"column":2},"end":{"line":65,"column":78}},"31":{"start":{"line":65,"column":25},"end":{"line":65,"column":78}},"32":{"start":{"line":66,"column":2},"end":{"line":66,"column":12}},"33":{"start":{"line":70,"column":19},"end":{"line":75,"column":1}},"34":{"start":{"line":71,"column":2},"end":{"line":71,"column":24}},"35":{"start":{"line":71,"column":17},"end":{"line":71,"column":24}},"36":{"start":{"line":72,"column":2},"end":{"line":74,"column":3}},"37":{"start":{"line":73,"column":4},"end":{"line":73,"column":31}},"38":{"start":{"line":73,"column":11},"end":{"line":73,"column":31}},"39":{"start":{"line":79,"column":24},"end":{"line":79,"column":28}},"40":{"start":{"line":86,"column":19},"end":{"line":104,"column":4}},"41":{"start":{"line":87,"column":2},"end":{"line":104,"column":4}},"42":{"start":{"line":88,"column":18},"end":{"line":88,"column":23}},"43":{"start":{"line":89,"column":17},"end":{"line":96,"column":5}},"44":{"start":{"line":90,"column":6},"end":{"line":90,"column":26}},"45":{"start":{"line":90,"column":19},"end":{"line":90,"column":26}},"46":{"start":{"line":91,"column":6},"end":{"line":91,"column":21}},"47":{"start":{"line":92,"column":6},"end":{"line":92,"column":33}},"48":{"start":{"line":93,"column":6},"end":{"line":93,"column":44}},"49":{"start":{"line":94,"column":6},"end":{"line":94,"column":45}},"50":{"start":{"line":95,"column":6},"end":{"line":95,"column":16}},"51":{"start":{"line":98,"column":4},"end":{"line":98,"column":56}},"52":{"start":{"line":98,"column":42},"end":{"line":98,"column":56}},"53":{"start":{"line":99,"column":18},"end":{"line":99,"column":58}},"54":{"start":{"line":100,"column":4},"end":{"line":100,"column":55}},"55":{"start":{"line":101,"column":4},"end":{"line":101,"column":56}},"56":{"start":{"line":103,"column":4},"end":{"line":103,"column":72}},"57":{"start":{"line":103,"column":42},"end":{"line":103,"column":72}},"58":{"start":{"line":117,"column":20},"end":{"line":149,"column":1}},"59":{"start":{"line":118,"column":2},"end":{"line":118,"column":59}},"60":{"start":{"line":118,"column":28},"end":{"line":118,"column":59}},"61":{"start":{"line":120,"column":2},"end":{"line":120,"column":32}},"62":{"start":{"line":120,"column":16},"end":{"line":120,"column":32}},"63":{"start":{"line":122,"column":2},"end":{"line":146,"column":7}},"64":{"start":{"line":124,"column":20},"end":{"line":124,"column":49}},"65":{"start":{"line":125,"column":4},"end":{"line":127,"column":6}},"66":{"start":{"line":129,"column":4},"end":{"line":129,"column":39}},"67":{"start":{"line":130,"column":21},"end":{"line":130,"column":65}},"68":{"start":{"line":131,"column":4},"end":{"line":131,"column":21}},"69":{"start":{"line":133,"column":4},"end":{"line":133,"column":41}},"70":{"start":{"line":133,"column":18},"end":{"line":133,"column":41}},"71":{"start":{"line":136,"column":4},"end":{"line":143,"column":5}},"72":{"start":{"line":137,"column":6},"end":{"line":140,"column":9}},"73":{"start":{"line":142,"column":6},"end":{"line":142,"column":29}},"74":{"start":{"line":145,"column":4},"end":{"line":145,"column":28}},"75":{"start":{"line":148,"column":2},"end":{"line":148,"column":18}},"76":{"start":{"line":151,"column":24},"end":{"line":196,"column":1}},"77":{"start":{"line":152,"column":2},"end":{"line":152,"column":107}},"78":{"start":{"line":152,"column":95},"end":{"line":152,"column":107}},"79":{"start":{"line":154,"column":67},"end":{"line":154,"column":77}},"80":{"start":{"line":155,"column":22},"end":{"line":155,"column":51}},"81":{"start":{"line":157,"column":17},"end":{"line":157,"column":18}},"82":{"start":{"line":158,"column":13},"end":{"line":158,"column":14}},"83":{"start":{"line":159,"column":16},"end":{"line":159,"column":21}},"84":{"start":{"line":161,"column":23},"end":{"line":192,"column":3}},"85":{"start":{"line":162,"column":4},"end":{"line":191,"column":5}},"86":{"start":{"line":163,"column":24},"end":{"line":163,"column":38}},"87":{"start":{"line":164,"column":6},"end":{"line":167,"column":7}},"88":{"start":{"line":165,"column":22},"end":{"line":165,"column":54}},"89":{"start":{"line":166,"column":8},"end":{"line":166,"column":56}},"90":{"start":{"line":168,"column":6},"end":{"line":170,"column":7}},"91":{"start":{"line":169,"column":8},"end":{"line":169,"column":65}},"92":{"start":{"line":172,"column":6},"end":{"line":189,"column":9}},"93":{"start":{"line":173,"column":8},"end":{"line":187,"column":9}},"94":{"start":{"line":177,"column":10},"end":{"line":177,"column":40}},"95":{"start":{"line":178,"column":10},"end":{"line":178,"column":63}},"96":{"start":{"line":179,"column":10},"end":{"line":179,"column":73}},"97":{"start":{"line":181,"column":10},"end":{"line":185,"column":11}},"98":{"start":{"line":183,"column":12},"end":{"line":183,"column":31}},"99":{"start":{"line":184,"column":12},"end":{"line":184,"column":43}},"100":{"start":{"line":186,"column":10},"end":{"line":186,"column":43}},"101":{"start":{"line":188,"column":8},"end":{"line":188,"column":24}},"102":{"start":{"line":190,"column":6},"end":{"line":190,"column":21}},"103":{"start":{"line":194,"column":2},"end":{"line":194,"column":69}},"104":{"start":{"line":195,"column":2},"end":{"line":195,"column":22}},"105":{"start":{"line":151,"column":13},"end":{"line":151,"column":24}},"106":{"start":{"line":203,"column":18},"end":{"line":214,"column":1}},"107":{"start":{"line":204,"column":20},"end":{"line":204,"column":21}},"108":{"start":{"line":205,"column":2},"end":{"line":207,"column":3}},"109":{"start":{"line":205,"column":15},"end":{"line":205,"column":16}},"110":{"start":{"line":205,"column":24},"end":{"line":205,"column":36}},"111":{"start":{"line":206,"column":4},"end":{"line":206,"column":40}},"112":{"start":{"line":208,"column":10},"end":{"line":208,"column":37}},"113":{"start":{"line":209,"column":2},"end":{"line":212,"column":3}},"114":{"start":{"line":209,"column":15},"end":{"line":209,"column":16}},"115":{"start":{"line":209,"column":24},"end":{"line":209,"column":36}},"116":{"start":{"line":210,"column":4},"end":{"line":210,"column":30}},"117":{"start":{"line":211,"column":4},"end":{"line":211,"column":25}},"118":{"start":{"line":211,"column":16},"end":{"line":211,"column":25}},"119":{"start":{"line":213,"column":2},"end":{"line":213,"column":26}},"120":{"start":{"line":216,"column":20},"end":{"line":288,"column":1}},"121":{"start":{"line":224,"column":2},"end":{"line":243,"column":3}},"122":{"start":{"line":226,"column":16},"end":{"line":226,"column":67}},"123":{"start":{"line":229,"column":19},"end":{"line":229,"column":20}},"124":{"start":{"line":230,"column":4},"end":{"line":232,"column":5}},"125":{"start":{"line":231,"column":6},"end":{"line":231,"column":36}},"126":{"start":{"line":233,"column":4},"end":{"line":233,"column":29}},"127":{"start":{"line":234,"column":4},"end":{"line":238,"column":5}},"128":{"start":{"line":235,"column":6},"end":{"line":235,"column":34}},"129":{"start":{"line":237,"column":6},"end":{"line":237,"column":30}},"130":{"start":{"line":241,"column":4},"end":{"line":241,"column":30}},"131":{"start":{"line":242,"column":4},"end":{"line":242,"column":52}},"132":{"start":{"line":242,"column":28},"end":{"line":242,"column":52}},"133":{"start":{"line":246,"column":15},"end":{"line":246,"column":42}},"134":{"start":{"line":247,"column":2},"end":{"line":247,"column":48}},"135":{"start":{"line":248,"column":2},"end":{"line":248,"column":59}},"136":{"start":{"line":249,"column":2},"end":{"line":249,"column":35}},"137":{"start":{"line":250,"column":2},"end":{"line":250,"column":57}},"138":{"start":{"line":250,"column":19},"end":{"line":250,"column":57}},"139":{"start":{"line":252,"column":2},"end":{"line":254,"column":5}},"140":{"start":{"line":253,"column":4},"end":{"line":253,"column":46}},"141":{"start":{"line":256,"column":14},"end":{"line":256,"column":43}},"142":{"start":{"line":257,"column":2},"end":{"line":257,"column":46}},"143":{"start":{"line":258,"column":2},"end":{"line":258,"column":30}},"144":{"start":{"line":259,"column":2},"end":{"line":259,"column":33}},"145":{"start":{"line":261,"column":2},"end":{"line":268,"column":3}},"146":{"start":{"line":263,"column":4},"end":{"line":263,"column":60}},"147":{"start":{"line":264,"column":4},"end":{"line":264,"column":65}},"148":{"start":{"line":265,"column":4},"end":{"line":265,"column":57}},"149":{"start":{"line":267,"column":4},"end":{"line":267,"column":32}},"150":{"start":{"line":272,"column":2},"end":{"line":272,"column":24}},"151":{"start":{"line":275,"column":2},"end":{"line":275,"column":24}},"152":{"start":{"line":277,"column":2},"end":{"line":277,"column":47}},"153":{"start":{"line":277,"column":24},"end":{"line":277,"column":47}},"154":{"start":{"line":279,"column":2},"end":{"line":279,"column":23}},"155":{"start":{"line":282,"column":2},"end":{"line":282,"column":46}},"156":{"start":{"line":284,"column":2},"end":{"line":287,"column":4}},"157":{"start":{"line":290,"column":20},"end":{"line":453,"column":1}},"158":{"start":{"line":291,"column":15},"end":{"line":291,"column":48}},"159":{"start":{"line":293,"column":17},"end":{"line":293,"column":28}},"160":{"start":{"line":294,"column":2},"end":{"line":309,"column":3}},"161":{"start":{"line":306,"column":4},"end":{"line":306,"column":83}},"162":{"start":{"line":308,"column":4},"end":{"line":308,"column":100}},"163":{"start":{"line":313,"column":32},"end":{"line":313,"column":36}},"164":{"start":{"line":316,"column":15},"end":{"line":316,"column":20}},"165":{"start":{"line":319,"column":21},"end":{"line":322,"column":3}},"166":{"start":{"line":320,"column":4},"end":{"line":320,"column":62}},"167":{"start":{"line":320,"column":25},"end":{"line":320,"column":60}},"168":{"start":{"line":321,"column":4},"end":{"line":321,"column":28}},"169":{"start":{"line":324,"column":29},"end":{"line":324,"column":31}},"170":{"start":{"line":325,"column":2},"end":{"line":325,"column":15}},"171":{"start":{"line":328,"column":42},"end":{"line":328,"column":46}},"172":{"start":{"line":329,"column":42},"end":{"line":329,"column":46}},"173":{"start":{"line":332,"column":37},"end":{"line":381,"column":4}},"174":{"start":{"line":336,"column":6},"end":{"line":336,"column":21}},"175":{"start":{"line":337,"column":6},"end":{"line":341,"column":8}},"176":{"start":{"line":338,"column":8},"end":{"line":338,"column":20}},"177":{"start":{"line":340,"column":8},"end":{"line":340,"column":45}},"178":{"start":{"line":342,"column":6},"end":{"line":344,"column":8}},"179":{"start":{"line":343,"column":8},"end":{"line":343,"column":21}},"180":{"start":{"line":345,"column":6},"end":{"line":345,"column":54}},"181":{"start":{"line":346,"column":6},"end":{"line":346,"column":54}},"182":{"start":{"line":348,"column":6},"end":{"line":348,"column":84}},"183":{"start":{"line":349,"column":6},"end":{"line":349,"column":27}},"184":{"start":{"line":351,"column":6},"end":{"line":353,"column":7}},"185":{"start":{"line":352,"column":8},"end":{"line":352,"column":53}},"186":{"start":{"line":357,"column":6},"end":{"line":360,"column":7}},"187":{"start":{"line":358,"column":8},"end":{"line":358,"column":30}},"188":{"start":{"line":359,"column":8},"end":{"line":359,"column":24}},"189":{"start":{"line":361,"column":6},"end":{"line":361,"column":75}},"190":{"start":{"line":361,"column":24},"end":{"line":361,"column":75}},"191":{"start":{"line":362,"column":6},"end":{"line":362,"column":75}},"192":{"start":{"line":362,"column":24},"end":{"line":362,"column":75}},"193":{"start":{"line":363,"column":6},"end":{"line":363,"column":41}},"194":{"start":{"line":365,"column":6},"end":{"line":370,"column":7}},"195":{"start":{"line":366,"column":8},"end":{"line":366,"column":103}},"196":{"start":{"line":367,"column":8},"end":{"line":367,"column":32}},"197":{"start":{"line":368,"column":8},"end":{"line":368,"column":41}},"198":{"start":{"line":369,"column":8},"end":{"line":369,"column":74}},"199":{"start":{"line":369,"column":43},"end":{"line":369,"column":74}},"200":{"start":{"line":373,"column":6},"end":{"line":379,"column":9}},"201":{"start":{"line":374,"column":8},"end":{"line":378,"column":9}},"202":{"start":{"line":375,"column":10},"end":{"line":375,"column":23}},"203":{"start":{"line":377,"column":10},"end":{"line":377,"column":22}},"204":{"start":{"line":384,"column":33},"end":{"line":450,"column":4}},"205":{"start":{"line":387,"column":6},"end":{"line":390,"column":7}},"206":{"start":{"line":388,"column":8},"end":{"line":388,"column":28}},"207":{"start":{"line":389,"column":8},"end":{"line":389,"column":26}},"208":{"start":{"line":393,"column":6},"end":{"line":398,"column":7}},"209":{"start":{"line":394,"column":8},"end":{"line":394,"column":28}},"210":{"start":{"line":395,"column":8},"end":{"line":397,"column":9}},"211":{"start":{"line":396,"column":10},"end":{"line":396,"column":24}},"212":{"start":{"line":400,"column":6},"end":{"line":400,"column":25}},"213":{"start":{"line":400,"column":18},"end":{"line":400,"column":25}},"214":{"start":{"line":401,"column":6},"end":{"line":401,"column":115}},"215":{"start":{"line":401,"column":108},"end":{"line":401,"column":115}},"216":{"start":{"line":402,"column":6},"end":{"line":402,"column":26}},"217":{"start":{"line":403,"column":6},"end":{"line":403,"column":59}},"218":{"start":{"line":404,"column":6},"end":{"line":404,"column":34}},"219":{"start":{"line":405,"column":6},"end":{"line":405,"column":40}},"220":{"start":{"line":408,"column":6},"end":{"line":408,"column":25}},"221":{"start":{"line":408,"column":18},"end":{"line":408,"column":25}},"222":{"start":{"line":409,"column":6},"end":{"line":409,"column":19}},"223":{"start":{"line":411,"column":6},"end":{"line":423,"column":7}},"224":{"start":{"line":412,"column":29},"end":{"line":412,"column":100}},"225":{"start":{"line":415,"column":21},"end":{"line":421,"column":9}},"226":{"start":{"line":416,"column":10},"end":{"line":416,"column":83}},"227":{"start":{"line":417,"column":10},"end":{"line":417,"column":38}},"228":{"start":{"line":418,"column":10},"end":{"line":418,"column":44}},"229":{"start":{"line":420,"column":10},"end":{"line":420,"column":81}},"230":{"start":{"line":420,"column":35},"end":{"line":420,"column":81}},"231":{"start":{"line":422,"column":8},"end":{"line":422,"column":54}},"232":{"start":{"line":426,"column":6},"end":{"line":426,"column":25}},"233":{"start":{"line":426,"column":18},"end":{"line":426,"column":25}},"234":{"start":{"line":427,"column":6},"end":{"line":427,"column":19}},"235":{"start":{"line":428,"column":6},"end":{"line":430,"column":7}},"236":{"start":{"line":429,"column":8},"end":{"line":429,"column":31}},"237":{"start":{"line":431,"column":6},"end":{"line":431,"column":29}},"238":{"start":{"line":434,"column":6},"end":{"line":434,"column":25}},"239":{"start":{"line":434,"column":18},"end":{"line":434,"column":25}},"240":{"start":{"line":435,"column":6},"end":{"line":439,"column":7}},"241":{"start":{"line":436,"column":8},"end":{"line":436,"column":25}},"242":{"start":{"line":438,"column":8},"end":{"line":438,"column":21}},"243":{"start":{"line":442,"column":6},"end":{"line":442,"column":25}},"244":{"start":{"line":442,"column":18},"end":{"line":442,"column":25}},"245":{"start":{"line":443,"column":6},"end":{"line":443,"column":49}},"246":{"start":{"line":443,"column":29},"end":{"line":443,"column":49}},"247":{"start":{"line":445,"column":6},"end":{"line":446,"column":59}},"248":{"start":{"line":445,"column":17},"end":{"line":445,"column":29}},"249":{"start":{"line":446,"column":11},"end":{"line":446,"column":59}},"250":{"start":{"line":446,"column":39},"end":{"line":446,"column":57}},"251":{"start":{"line":448,"column":6},"end":{"line":448,"column":19}},"252":{"start":{"line":452,"column":2},"end":{"line":452,"column":13}},"253":{"start":{"line":290,"column":13},"end":{"line":290,"column":20}}},"fnMap":{"0":{"name":"(anonymous_0)","decl":{"start":{"line":12,"column":18},"end":{"line":12,"column":53}},"loc":{"start":{"line":13,"column":2},"end":{"line":13,"column":102}}},"1":{"name":"(anonymous_1)","decl":{"start":{"line":33,"column":18},"end":{"line":33,"column":19}},"loc":{"start":{"line":33,"column":43},"end":{"line":33,"column":98}}},"2":{"name":"(anonymous_2)","decl":{"start":{"line":37,"column":17},"end":{"line":37,"column":18}},"loc":{"start":{"line":37,"column":48},"end":{"line":40,"column":1}}},"3":{"name":"(anonymous_3)","decl":{"start":{"line":47,"column":20},"end":{"line":47,"column":21}},"loc":{"start":{"line":47,"column":44},"end":{"line":53,"column":1}}},"4":{"name":"(anonymous_4)","decl":{"start":{"line":59,"column":20},"end":{"line":59,"column":21}},"loc":{"start":{"line":59,"column":44},"end":{"line":67,"column":1}}},"5":{"name":"(anonymous_5)","decl":{"start":{"line":70,"column":19},"end":{"line":70,"column":20}},"loc":{"start":{"line":70,"column":64},"end":{"line":75,"column":1}}},"6":{"name":"(anonymous_6)","decl":{"start":{"line":86,"column":19},"end":{"line":86,"column":20}},"loc":{"start":{"line":87,"column":2},"end":{"line":104,"column":4}}},"7":{"name":"(anonymous_7)","decl":{"start":{"line":87,"column":14},"end":{"line":87,"column":15}},"loc":{"start":{"line":87,"column":26},"end":{"line":104,"column":3}}},"8":{"name":"(anonymous_8)","decl":{"start":{"line":89,"column":17},"end":{"line":89,"column":20}},"loc":{"start":{"line":89,"column":22},"end":{"line":96,"column":5}}},"9":{"name":"(anonymous_9)","decl":{"start":{"line":117,"column":20},"end":{"line":117,"column":41}},"loc":{"start":{"line":117,"column":43},"end":{"line":149,"column":1}}},"10":{"name":"(anonymous_10)","decl":{"start":{"line":122,"column":14},"end":{"line":122,"column":19}},"loc":{"start":{"line":122,"column":43},"end":{"line":146,"column":3}}},"11":{"name":"(anonymous_11)","decl":{"start":{"line":151,"column":24},"end":{"line":151,"column":25}},"loc":{"start":{"line":151,"column":91},"end":{"line":196,"column":1}}},"12":{"name":"(anonymous_12)","decl":{"start":{"line":161,"column":23},"end":{"line":161,"column":26}},"loc":{"start":{"line":161,"column":28},"end":{"line":192,"column":3}}},"13":{"name":"(anonymous_13)","decl":{"start":{"line":172,"column":35},"end":{"line":172,"column":38}},"loc":{"start":{"line":172,"column":40},"end":{"line":189,"column":7}}},"14":{"name":"(anonymous_14)","decl":{"start":{"line":203,"column":18},"end":{"line":203,"column":19}},"loc":{"start":{"line":203,"column":46},"end":{"line":214,"column":1}}},"15":{"name":"(anonymous_15)","decl":{"start":{"line":216,"column":20},"end":{"line":216,"column":25}},"loc":{"start":{"line":222,"column":4},"end":{"line":288,"column":1}}},"16":{"name":"(anonymous_16)","decl":{"start":{"line":252,"column":33},"end":{"line":252,"column":34}},"loc":{"start":{"line":252,"column":39},"end":{"line":254,"column":3}}},"17":{"name":"(anonymous_17)","decl":{"start":{"line":290,"column":20},"end":{"line":290,"column":21}},"loc":{"start":{"line":290,"column":105},"end":{"line":453,"column":1}}},"18":{"name":"(anonymous_18)","decl":{"start":{"line":319,"column":21},"end":{"line":319,"column":24}},"loc":{"start":{"line":319,"column":26},"end":{"line":322,"column":3}}},"19":{"name":"(anonymous_19)","decl":{"start":{"line":320,"column":15},"end":{"line":320,"column":16}},"loc":{"start":{"line":320,"column":25},"end":{"line":320,"column":60}}},"20":{"name":"(anonymous_20)","decl":{"start":{"line":335,"column":4},"end":{"line":335,"column":8}},"loc":{"start":{"line":335,"column":8},"end":{"line":354,"column":5}}},"21":{"name":"(anonymous_21)","decl":{"start":{"line":337,"column":21},"end":{"line":337,"column":24}},"loc":{"start":{"line":337,"column":26},"end":{"line":341,"column":7}}},"22":{"name":"(anonymous_22)","decl":{"start":{"line":342,"column":21},"end":{"line":342,"column":24}},"loc":{"start":{"line":342,"column":26},"end":{"line":344,"column":7}}},"23":{"name":"(anonymous_23)","decl":{"start":{"line":355,"column":4},"end":{"line":355,"column":11}},"loc":{"start":{"line":355,"column":11},"end":{"line":371,"column":5}}},"24":{"name":"(anonymous_24)","decl":{"start":{"line":372,"column":4},"end":{"line":372,"column":9}},"loc":{"start":{"line":372,"column":17},"end":{"line":380,"column":5}}},"25":{"name":"(anonymous_25)","decl":{"start":{"line":373,"column":22},"end":{"line":373,"column":23}},"loc":{"start":{"line":373,"column":32},"end":{"line":379,"column":7}}},"26":{"name":"(anonymous_26)","decl":{"start":{"line":386,"column":4},"end":{"line":386,"column":9}},"loc":{"start":{"line":386,"column":9},"end":{"line":391,"column":5}}},"27":{"name":"(anonymous_27)","decl":{"start":{"line":392,"column":4},"end":{"line":392,"column":9}},"loc":{"start":{"line":392,"column":15},"end":{"line":406,"column":5}}},"28":{"name":"(anonymous_28)","decl":{"start":{"line":407,"column":4},"end":{"line":407,"column":10}},"loc":{"start":{"line":407,"column":10},"end":{"line":424,"column":5}}},"29":{"name":"(anonymous_29)","decl":{"start":{"line":415,"column":21},"end":{"line":415,"column":26}},"loc":{"start":{"line":415,"column":32},"end":{"line":421,"column":9}}},"30":{"name":"(anonymous_30)","decl":{"start":{"line":425,"column":4},"end":{"line":425,"column":11}},"loc":{"start":{"line":425,"column":11},"end":{"line":432,"column":5}}},"31":{"name":"(anonymous_31)","decl":{"start":{"line":433,"column":4},"end":{"line":433,"column":7}},"loc":{"start":{"line":433,"column":20},"end":{"line":440,"column":5}}},"32":{"name":"(anonymous_32)","decl":{"start":{"line":441,"column":4},"end":{"line":441,"column":10}},"loc":{"start":{"line":441,"column":23},"end":{"line":449,"column":5}}},"33":{"name":"(anonymous_33)","decl":{"start":{"line":446,"column":32},"end":{"line":446,"column":33}},"loc":{"start":{"line":446,"column":39},"end":{"line":446,"column":57}}}},"branchMap":{"0":{"loc":{"start":{"line":13,"column":2},"end":{"line":13,"column":102}},"type":"cond-expr","locations":[{"start":{"line":13,"column":86},"end":{"line":13,"column":93}},{"start":{"line":13,"column":96},"end":{"line":13,"column":102}}]},"1":{"loc":{"start":{"line":13,"column":2},"end":{"line":13,"column":83}},"type":"binary-expr","locations":[{"start":{"line":13,"column":2},"end":{"line":13,"column":31}},{"start":{"line":13,"column":35},"end":{"line":13,"column":48}},{"start":{"line":13,"column":52},"end":{"line":13,"column":83}}]},"2":{"loc":{"start":{"line":39,"column":9},"end":{"line":39,"column":38}},"type":"cond-expr","locations":[{"start":{"line":39,"column":13},"end":{"line":39,"column":31}},{"start":{"line":39,"column":34},"end":{"line":39,"column":38}}]},"3":{"loc":{"start":{"line":48,"column":2},"end":{"line":48,"column":22}},"type":"if","locations":[{"start":{"line":48,"column":2},"end":{"line":48,"column":22}},{"start":{},"end":{}}]},"4":{"loc":{"start":{"line":51,"column":2},"end":{"line":51,"column":30}},"type":"if","locations":[{"start":{"line":51,"column":2},"end":{"line":51,"column":30}},{"start":{},"end":{}}]},"5":{"loc":{"start":{"line":52,"column":9},"end":{"line":52,"column":75}},"type":"cond-expr","locations":[{"start":{"line":52,"column":63},"end":{"line":52,"column":70}},{"start":{"line":52,"column":73},"end":{"line":52,"column":75}}]},"6":{"loc":{"start":{"line":60,"column":2},"end":{"line":60,"column":22}},"type":"if","locations":[{"start":{"line":60,"column":2},"end":{"line":60,"column":22}},{"start":{},"end":{}}]},"7":{"loc":{"start":{"line":63,"column":2},"end":{"line":63,"column":30}},"type":"if","locations":[{"start":{"line":63,"column":2},"end":{"line":63,"column":30}},{"start":{},"end":{}}]},"8":{"loc":{"start":{"line":64,"column":2},"end":{"line":64,"column":62}},"type":"if","locations":[{"start":{"line":64,"column":2},"end":{"line":64,"column":62}},{"start":{},"end":{}}]},"9":{"loc":{"start":{"line":64,"column":6},"end":{"line":64,"column":45}},"type":"binary-expr","locations":[{"start":{"line":64,"column":6},"end":{"line":64,"column":23}},{"start":{"line":64,"column":27},"end":{"line":64,"column":45}}]},"10":{"loc":{"start":{"line":65,"column":2},"end":{"line":65,"column":78}},"type":"if","locations":[{"start":{"line":65,"column":2},"end":{"line":65,"column":78}},{"start":{},"end":{}}]},"11":{"loc":{"start":{"line":65,"column":32},"end":{"line":65,"column":77}},"type":"cond-expr","locations":[{"start":{"line":65,"column":65},"end":{"line":65,"column":72}},{"start":{"line":65,"column":75},"end":{"line":65,"column":77}}]},"12":{"loc":{"start":{"line":71,"column":2},"end":{"line":71,"column":24}},"type":"if","locations":[{"start":{"line":71,"column":2},"end":{"line":71,"column":24}},{"start":{},"end":{}}]},"13":{"loc":{"start":{"line":73,"column":4},"end":{"line":73,"column":31}},"type":"if","locations":[{"start":{"line":73,"column":4},"end":{"line":73,"column":31}},{"start":{},"end":{}}]},"14":{"loc":{"start":{"line":90,"column":6},"end":{"line":90,"column":26}},"type":"if","locations":[{"start":{"line":90,"column":6},"end":{"line":90,"column":26}},{"start":{},"end":{}}]},"15":{"loc":{"start":{"line":98,"column":4},"end":{"line":98,"column":56}},"type":"if","locations":[{"start":{"line":98,"column":4},"end":{"line":98,"column":56}},{"start":{},"end":{}}]},"16":{"loc":{"start":{"line":98,"column":8},"end":{"line":98,"column":40}},"type":"binary-expr","locations":[{"start":{"line":98,"column":8},"end":{"line":98,"column":20}},{"start":{"line":98,"column":24},"end":{"line":98,"column":40}}]},"17":{"loc":{"start":{"line":103,"column":4},"end":{"line":103,"column":72}},"type":"if","locations":[{"start":{"line":103,"column":4},"end":{"line":103,"column":72}},{"start":{},"end":{}}]},"18":{"loc":{"start":{"line":118,"column":2},"end":{"line":118,"column":59}},"type":"if","locations":[{"start":{"line":118,"column":2},"end":{"line":118,"column":59}},{"start":{},"end":{}}]},"19":{"loc":{"start":{"line":120,"column":2},"end":{"line":120,"column":32}},"type":"if","locations":[{"start":{"line":120,"column":2},"end":{"line":120,"column":32}},{"start":{},"end":{}}]},"20":{"loc":{"start":{"line":133,"column":4},"end":{"line":133,"column":41}},"type":"if","locations":[{"start":{"line":133,"column":4},"end":{"line":133,"column":41}},{"start":{},"end":{}}]},"21":{"loc":{"start":{"line":152,"column":2},"end":{"line":152,"column":107}},"type":"if","locations":[{"start":{"line":152,"column":2},"end":{"line":152,"column":107}},{"start":{},"end":{}}]},"22":{"loc":{"start":{"line":152,"column":6},"end":{"line":152,"column":93}},"type":"binary-expr","locations":[{"start":{"line":152,"column":6},"end":{"line":152,"column":9}},{"start":{"line":152,"column":13},"end":{"line":152,"column":41}},{"start":{"line":152,"column":45},"end":{"line":152,"column":56}},{"start":{"line":152,"column":60},"end":{"line":152,"column":93}}]},"23":{"loc":{"start":{"line":155,"column":22},"end":{"line":155,"column":51}},"type":"cond-expr","locations":[{"start":{"line":155,"column":46},"end":{"line":155,"column":47}},{"start":{"line":155,"column":50},"end":{"line":155,"column":51}}]},"24":{"loc":{"start":{"line":162,"column":4},"end":{"line":191,"column":5}},"type":"if","locations":[{"start":{"line":162,"column":4},"end":{"line":191,"column":5}},{"start":{},"end":{}}]},"25":{"loc":{"start":{"line":164,"column":6},"end":{"line":167,"column":7}},"type":"if","locations":[{"start":{"line":164,"column":6},"end":{"line":167,"column":7}},{"start":{},"end":{}}]},"26":{"loc":{"start":{"line":164,"column":10},"end":{"line":164,"column":53}},"type":"binary-expr","locations":[{"start":{"line":164,"column":10},"end":{"line":164,"column":18}},{"start":{"line":164,"column":22},"end":{"line":164,"column":53}}]},"27":{"loc":{"start":{"line":168,"column":6},"end":{"line":170,"column":7}},"type":"if","locations":[{"start":{"line":168,"column":6},"end":{"line":170,"column":7}},{"start":{},"end":{}}]},"28":{"loc":{"start":{"line":168,"column":10},"end":{"line":168,"column":51}},"type":"binary-expr","locations":[{"start":{"line":168,"column":10},"end":{"line":168,"column":17}},{"start":{"line":168,"column":21},"end":{"line":168,"column":51}}]},"29":{"loc":{"start":{"line":173,"column":8},"end":{"line":187,"column":9}},"type":"if","locations":[{"start":{"line":173,"column":8},"end":{"line":187,"column":9}},{"start":{"line":180,"column":15},"end":{"line":187,"column":9}}]},"30":{"loc":{"start":{"line":174,"column":10},"end":{"line":175,"column":105}},"type":"binary-expr","locations":[{"start":{"line":174,"column":10},"end":{"line":174,"column":30}},{"start":{"line":175,"column":10},"end":{"line":175,"column":105}}]},"31":{"loc":{"start":{"line":175,"column":12},"end":{"line":175,"column":104}},"type":"binary-expr","locations":[{"start":{"line":175,"column":12},"end":{"line":175,"column":18}},{"start":{"line":175,"column":22},"end":{"line":175,"column":104}}]},"32":{"loc":{"start":{"line":175,"column":62},"end":{"line":175,"column":103}},"type":"binary-expr","locations":[{"start":{"line":175,"column":62},"end":{"line":175,"column":98}},{"start":{"line":175,"column":102},"end":{"line":175,"column":103}}]},"33":{"loc":{"start":{"line":178,"column":30},"end":{"line":178,"column":62}},"type":"cond-expr","locations":[{"start":{"line":178,"column":44},"end":{"line":178,"column":52}},{"start":{"line":178,"column":55},"end":{"line":178,"column":62}}]},"34":{"loc":{"start":{"line":179,"column":26},"end":{"line":179,"column":64}},"type":"binary-expr","locations":[{"start":{"line":179,"column":26},"end":{"line":179,"column":59}},{"start":{"line":179,"column":63},"end":{"line":179,"column":64}}]},"35":{"loc":{"start":{"line":181,"column":10},"end":{"line":185,"column":11}},"type":"if","locations":[{"start":{"line":181,"column":10},"end":{"line":185,"column":11}},{"start":{},"end":{}}]},"36":{"loc":{"start":{"line":206,"column":19},"end":{"line":206,"column":39}},"type":"binary-expr","locations":[{"start":{"line":206,"column":19},"end":{"line":206,"column":34}},{"start":{"line":206,"column":38},"end":{"line":206,"column":39}}]},"37":{"loc":{"start":{"line":210,"column":9},"end":{"line":210,"column":29}},"type":"binary-expr","locations":[{"start":{"line":210,"column":9},"end":{"line":210,"column":24}},{"start":{"line":210,"column":28},"end":{"line":210,"column":29}}]},"38":{"loc":{"start":{"line":211,"column":4},"end":{"line":211,"column":25}},"type":"if","locations":[{"start":{"line":211,"column":4},"end":{"line":211,"column":25}},{"start":{},"end":{}}]},"39":{"loc":{"start":{"line":221,"column":2},"end":{"line":221,"column":33}},"type":"default-arg","locations":[{"start":{"line":221,"column":21},"end":{"line":221,"column":33}}]},"40":{"loc":{"start":{"line":224,"column":2},"end":{"line":243,"column":3}},"type":"if","locations":[{"start":{"line":224,"column":2},"end":{"line":243,"column":3}},{"start":{"line":239,"column":9},"end":{"line":243,"column":3}}]},"41":{"loc":{"start":{"line":226,"column":16},"end":{"line":226,"column":67}},"type":"cond-expr","locations":[{"start":{"line":226,"column":42},"end":{"line":226,"column":43}},{"start":{"line":226,"column":46},"end":{"line":226,"column":67}}]},"42":{"loc":{"start":{"line":230,"column":11},"end":{"line":230,"column":108}},"type":"binary-expr","locations":[{"start":{"line":230,"column":11},"end":{"line":230,"column":32}},{"start":{"line":230,"column":36},"end":{"line":230,"column":74}},{"start":{"line":230,"column":78},"end":{"line":230,"column":108}}]},"43":{"loc":{"start":{"line":234,"column":4},"end":{"line":238,"column":5}},"type":"if","locations":[{"start":{"line":234,"column":4},"end":{"line":238,"column":5}},{"start":{"line":236,"column":11},"end":{"line":238,"column":5}}]},"44":{"loc":{"start":{"line":242,"column":4},"end":{"line":242,"column":52}},"type":"if","locations":[{"start":{"line":242,"column":4},"end":{"line":242,"column":52}},{"start":{},"end":{}}]},"45":{"loc":{"start":{"line":250,"column":2},"end":{"line":250,"column":57}},"type":"if","locations":[{"start":{"line":250,"column":2},"end":{"line":250,"column":57}},{"start":{},"end":{}}]},"46":{"loc":{"start":{"line":253,"column":5},"end":{"line":253,"column":25}},"type":"binary-expr","locations":[{"start":{"line":253,"column":5},"end":{"line":253,"column":17}},{"start":{"line":253,"column":21},"end":{"line":253,"column":25}}]},"47":{"loc":{"start":{"line":261,"column":2},"end":{"line":268,"column":3}},"type":"if","locations":[{"start":{"line":261,"column":2},"end":{"line":268,"column":3}},{"start":{"line":266,"column":9},"end":{"line":268,"column":3}}]},"48":{"loc":{"start":{"line":282,"column":3},"end":{"line":282,"column":18}},"type":"binary-expr","locations":[{"start":{"line":282,"column":3},"end":{"line":282,"column":10}},{"start":{"line":282,"column":14},"end":{"line":282,"column":18}}]},"49":{"loc":{"start":{"line":290,"column":38},"end":{"line":290,"column":58}},"type":"default-arg","locations":[{"start":{"line":290,"column":56},"end":{"line":290,"column":58}}]},"50":{"loc":{"start":{"line":290,"column":60},"end":{"line":290,"column":82}},"type":"default-arg","locations":[{"start":{"line":290,"column":80},"end":{"line":290,"column":82}}]},"51":{"loc":{"start":{"line":294,"column":2},"end":{"line":309,"column":3}},"type":"if","locations":[{"start":{"line":294,"column":2},"end":{"line":309,"column":3}},{"start":{},"end":{}}]},"52":{"loc":{"start":{"line":295,"column":4},"end":{"line":303,"column":31}},"type":"binary-expr","locations":[{"start":{"line":295,"column":4},"end":{"line":295,"column":7}},{"start":{"line":296,"column":4},"end":{"line":296,"column":32}},{"start":{"line":297,"column":4},"end":{"line":297,"column":10}},{"start":{"line":298,"column":4},"end":{"line":298,"column":29}},{"start":{"line":299,"column":4},"end":{"line":299,"column":17}},{"start":{"line":300,"column":4},"end":{"line":300,"column":33}},{"start":{"line":301,"column":4},"end":{"line":301,"column":17}},{"start":{"line":302,"column":4},"end":{"line":302,"column":17}},{"start":{"line":303,"column":4},"end":{"line":303,"column":31}}]},"53":{"loc":{"start":{"line":320,"column":27},"end":{"line":320,"column":40}},"type":"binary-expr","locations":[{"start":{"line":320,"column":27},"end":{"line":320,"column":35}},{"start":{"line":320,"column":39},"end":{"line":320,"column":40}}]},"54":{"loc":{"start":{"line":320,"column":46},"end":{"line":320,"column":59}},"type":"binary-expr","locations":[{"start":{"line":320,"column":46},"end":{"line":320,"column":54}},{"start":{"line":320,"column":58},"end":{"line":320,"column":59}}]},"55":{"loc":{"start":{"line":340,"column":9},"end":{"line":340,"column":29}},"type":"binary-expr","locations":[{"start":{"line":340,"column":9},"end":{"line":340,"column":21}},{"start":{"line":340,"column":25},"end":{"line":340,"column":29}}]},"56":{"loc":{"start":{"line":351,"column":6},"end":{"line":353,"column":7}},"type":"if","locations":[{"start":{"line":351,"column":6},"end":{"line":353,"column":7}},{"start":{},"end":{}}]},"57":{"loc":{"start":{"line":351,"column":10},"end":{"line":351,"column":107}},"type":"binary-expr","locations":[{"start":{"line":351,"column":10},"end":{"line":351,"column":21}},{"start":{"line":351,"column":25},"end":{"line":351,"column":59}},{"start":{"line":351,"column":64},"end":{"line":351,"column":85}},{"start":{"line":351,"column":89},"end":{"line":351,"column":106}}]},"58":{"loc":{"start":{"line":357,"column":6},"end":{"line":360,"column":7}},"type":"if","locations":[{"start":{"line":357,"column":6},"end":{"line":360,"column":7}},{"start":{},"end":{}}]},"59":{"loc":{"start":{"line":361,"column":6},"end":{"line":361,"column":75}},"type":"if","locations":[{"start":{"line":361,"column":6},"end":{"line":361,"column":75}},{"start":{},"end":{}}]},"60":{"loc":{"start":{"line":362,"column":6},"end":{"line":362,"column":75}},"type":"if","locations":[{"start":{"line":362,"column":6},"end":{"line":362,"column":75}},{"start":{},"end":{}}]},"61":{"loc":{"start":{"line":365,"column":6},"end":{"line":370,"column":7}},"type":"if","locations":[{"start":{"line":365,"column":6},"end":{"line":370,"column":7}},{"start":{},"end":{}}]},"62":{"loc":{"start":{"line":369,"column":8},"end":{"line":369,"column":74}},"type":"if","locations":[{"start":{"line":369,"column":8},"end":{"line":369,"column":74}},{"start":{},"end":{}}]},"63":{"loc":{"start":{"line":374,"column":8},"end":{"line":378,"column":9}},"type":"if","locations":[{"start":{"line":374,"column":8},"end":{"line":378,"column":9}},{"start":{"line":376,"column":15},"end":{"line":378,"column":9}}]},"64":{"loc":{"start":{"line":387,"column":6},"end":{"line":390,"column":7}},"type":"if","locations":[{"start":{"line":387,"column":6},"end":{"line":390,"column":7}},{"start":{},"end":{}}]},"65":{"loc":{"start":{"line":393,"column":6},"end":{"line":398,"column":7}},"type":"if","locations":[{"start":{"line":393,"column":6},"end":{"line":398,"column":7}},{"start":{},"end":{}}]},"66":{"loc":{"start":{"line":395,"column":8},"end":{"line":397,"column":9}},"type":"if","locations":[{"start":{"line":395,"column":8},"end":{"line":397,"column":9}},{"start":{},"end":{}}]},"67":{"loc":{"start":{"line":400,"column":6},"end":{"line":400,"column":25}},"type":"if","locations":[{"start":{"line":400,"column":6},"end":{"line":400,"column":25}},{"start":{},"end":{}}]},"68":{"loc":{"start":{"line":401,"column":6},"end":{"line":401,"column":115}},"type":"if","locations":[{"start":{"line":401,"column":6},"end":{"line":401,"column":115}},{"start":{},"end":{}}]},"69":{"loc":{"start":{"line":401,"column":10},"end":{"line":401,"column":106}},"type":"binary-expr","locations":[{"start":{"line":401,"column":11},"end":{"line":401,"column":33}},{"start":{"line":401,"column":37},"end":{"line":401,"column":54}},{"start":{"line":401,"column":60},"end":{"line":401,"column":83}},{"start":{"line":401,"column":87},"end":{"line":401,"column":105}}]},"70":{"loc":{"start":{"line":408,"column":6},"end":{"line":408,"column":25}},"type":"if","locations":[{"start":{"line":408,"column":6},"end":{"line":408,"column":25}},{"start":{},"end":{}}]},"71":{"loc":{"start":{"line":411,"column":6},"end":{"line":423,"column":7}},"type":"if","locations":[{"start":{"line":411,"column":6},"end":{"line":423,"column":7}},{"start":{},"end":{}}]},"72":{"loc":{"start":{"line":412,"column":31},"end":{"line":412,"column":93}},"type":"cond-expr","locations":[{"start":{"line":412,"column":61},"end":{"line":412,"column":82}},{"start":{"line":412,"column":85},"end":{"line":412,"column":93}}]},"73":{"loc":{"start":{"line":420,"column":10},"end":{"line":420,"column":81}},"type":"if","locations":[{"start":{"line":420,"column":10},"end":{"line":420,"column":81}},{"start":{},"end":{}}]},"74":{"loc":{"start":{"line":426,"column":6},"end":{"line":426,"column":25}},"type":"if","locations":[{"start":{"line":426,"column":6},"end":{"line":426,"column":25}},{"start":{},"end":{}}]},"75":{"loc":{"start":{"line":434,"column":6},"end":{"line":434,"column":25}},"type":"if","locations":[{"start":{"line":434,"column":6},"end":{"line":434,"column":25}},{"start":{},"end":{}}]},"76":{"loc":{"start":{"line":435,"column":6},"end":{"line":439,"column":7}},"type":"if","locations":[{"start":{"line":435,"column":6},"end":{"line":439,"column":7}},{"start":{},"end":{}}]},"77":{"loc":{"start":{"line":435,"column":10},"end":{"line":435,"column":64}},"type":"binary-expr","locations":[{"start":{"line":435,"column":10},"end":{"line":435,"column":14}},{"start":{"line":435,"column":18},"end":{"line":435,"column":40}},{"start":{"line":435,"column":44},"end":{"line":435,"column":52}},{"start":{"line":435,"column":56},"end":{"line":435,"column":64}}]},"78":{"loc":{"start":{"line":442,"column":6},"end":{"line":442,"column":25}},"type":"if","locations":[{"start":{"line":442,"column":6},"end":{"line":442,"column":25}},{"start":{},"end":{}}]},"79":{"loc":{"start":{"line":443,"column":6},"end":{"line":443,"column":49}},"type":"if","locations":[{"start":{"line":443,"column":6},"end":{"line":443,"column":49}},{"start":{},"end":{}}]},"80":{"loc":{"start":{"line":445,"column":6},"end":{"line":446,"column":59}},"type":"if","locations":[{"start":{"line":445,"column":6},"end":{"line":446,"column":59}},{"start":{"line":446,"column":11},"end":{"line":446,"column":59}}]}},"s":{"0":1,"1":1,"2":1,"3":1,"4":1,"5":47,"6":1,"7":1,"8":1,"9":72,"10":1,"11":72,"12":72,"13":1,"14":36,"15":0,"16":36,"17":36,"18":36,"19":1,"20":35,"21":1,"22":36,"23":0,"24":36,"25":36,"26":36,"27":28,"28":8,"29":4,"30":4,"31":4,"32":0,"33":1,"34":72,"35":68,"36":4,"37":7,"38":7,"39":1,"40":1,"41":36,"42":36,"43":36,"44":36,"45":0,"46":36,"47":36,"48":36,"49":36,"50":36,"51":36,"52":0,"53":36,"54":36,"55":36,"56":36,"57":36,"58":1,"59":0,"60":0,"61":0,"62":0,"63":0,"64":0,"65":0,"66":0,"67":0,"68":0,"69":0,"70":0,"71":0,"72":0,"73":0,"74":0,"75":0,"76":1,"77":4,"78":3,"79":1,"80":1,"81":1,"82":1,"83":1,"84":1,"85":0,"86":0,"87":0,"88":0,"89":0,"90":0,"91":0,"92":0,"93":0,"94":0,"95":0,"96":0,"97":0,"98":0,"99":0,"100":0,"101":0,"102":0,"103":1,"104":1,"105":1,"106":1,"107":7,"108":7,"109":7,"110":7,"111":26,"112":7,"113":7,"114":7,"115":7,"116":21,"117":21,"118":7,"119":0,"120":1,"121":36,"122":8,"123":8,"124":8,"125":0,"126":8,"127":8,"128":7,"129":1,"130":28,"131":28,"132":1,"133":36,"134":36,"135":36,"136":36,"137":36,"138":1,"139":36,"140":1,"141":36,"142":36,"143":36,"144":36,"145":36,"146":14,"147":14,"148":14,"149":22,"150":36,"151":36,"152":36,"153":1,"154":36,"155":36,"156":36,"157":1,"158":47,"159":47,"160":47,"161":7,"162":7,"163":40,"164":40,"165":40,"166":47,"167":96,"168":47,"169":40,"170":40,"171":40,"172":40,"173":40,"174":35,"175":35,"176":1,"177":1,"178":35,"179":0,"180":35,"181":35,"182":35,"183":35,"184":35,"185":0,"186":37,"187":2,"188":2,"189":37,"190":2,"191":37,"192":2,"193":37,"194":37,"195":0,"196":0,"197":0,"198":0,"199":0,"200":0,"201":0,"202":0,"203":0,"204":40,"205":11,"206":1,"207":1,"208":36,"209":0,"210":0,"211":0,"212":36,"213":0,"214":36,"215":1,"216":35,"217":35,"218":35,"219":35,"220":2,"221":0,"222":2,"223":2,"224":2,"225":2,"226":1,"227":1,"228":1,"229":1,"230":1,"231":2,"232":2,"233":0,"234":2,"235":2,"236":2,"237":2,"238":5,"239":0,"240":5,"241":2,"242":2,"243":5,"244":0,"245":5,"246":0,"247":5,"248":2,"249":3,"250":8,"251":5,"252":40,"253":1},"f":{"0":47,"1":72,"2":72,"3":36,"4":36,"5":72,"6":36,"7":36,"8":36,"9":0,"10":0,"11":4,"12":0,"13":0,"14":7,"15":36,"16":1,"17":47,"18":47,"19":96,"20":35,"21":1,"22":0,"23":37,"24":0,"25":0,"26":11,"27":36,"28":2,"29":1,"30":2,"31":5,"32":5,"33":8},"b":{"0":[0,47],"1":[47,47,47],"2":[43,29],"3":[0,36],"4":[1,35],"5":[30,5],"6":[0,36],"7":[28,8],"8":[4,4],"9":[8,8],"10":[4,0],"11":[3,1],"12":[68,4],"13":[7,0],"14":[0,36],"15":[0,36],"16":[36,1],"17":[36,0],"18":[0,0],"19":[0,0],"20":[0,0],"21":[3,1],"22":[4,3,3,2],"23":[0,1],"24":[0,0],"25":[0,0],"26":[0,0],"27":[0,0],"28":[0,0],"29":[0,0],"30":[0,0],"31":[0,0],"32":[0,0],"33":[0,0],"34":[0,0],"35":[0,0],"36":[26,26],"37":[21,21],"38":[7,14],"39":[35],"40":[8,28],"41":[1,7],"42":[8,7,0],"43":[7,1],"44":[1,27],"45":[1,35],"46":[1,0],"47":[14,22],"48":[36,35],"49":[0],"50":[13],"51":[7,40],"52":[47,45,45,45,44,43,43,42,41],"53":[96,92],"54":[96,92],"55":[1,0],"56":[0,35],"57":[35,0,0,0],"58":[2,35],"59":[2,35],"60":[2,35],"61":[0,37],"62":[0,0],"63":[0,0],"64":[1,10],"65":[0,36],"66":[0,0],"67":[0,36],"68":[1,35],"69":[36,1,36,1],"70":[0,2],"71":[2,0],"72":[2,0],"73":[1,0],"74":[0,2],"75":[0,5],"76":[2,3],"77":[5,4,4,2],"78":[0,5],"79":[0,5],"80":[2,3]}}
,"/var/www/html/ad-rotator/src/helpers.ts": {"path":"/var/www/html/ad-rotator/src/helpers.ts","statementMap":{"0":{"start":{"line":7,"column":20},"end":{"line":7,"column":62}},"1":{"start":{"line":7,"column":53},"end":{"line":7,"column":62}},"2":{"start":{"line":7,"column":13},"end":{"line":7,"column":20}},"3":{"start":{"line":13,"column":21},"end":{"line":13,"column":101}},"4":{"start":{"line":13,"column":52},"end":{"line":13,"column":101}},"5":{"start":{"line":13,"column":77},"end":{"line":13,"column":100}},"6":{"start":{"line":13,"column":13},"end":{"line":13,"column":21}}},"fnMap":{"0":{"name":"(anonymous_0)","decl":{"start":{"line":7,"column":20},"end":{"line":7,"column":21}},"loc":{"start":{"line":7,"column":53},"end":{"line":7,"column":62}}},"1":{"name":"(anonymous_1)","decl":{"start":{"line":13,"column":21},"end":{"line":13,"column":22}},"loc":{"start":{"line":13,"column":52},"end":{"line":13,"column":101}}},"2":{"name":"(anonymous_2)","decl":{"start":{"line":13,"column":64},"end":{"line":13,"column":65}},"loc":{"start":{"line":13,"column":77},"end":{"line":13,"column":100}}}},"branchMap":{},"s":{"0":1,"1":49,"2":1,"3":1,"4":2,"5":2,"6":1},"f":{"0":49,"1":2,"2":2},"b":{}}
}
