TN:
SF:src/ad-rotator.ts
FN:12,(anonymous_0)
FN:33,(anonymous_1)
FN:37,(anonymous_2)
FN:47,(anonymous_3)
FN:59,(anonymous_4)
FN:70,(anonymous_5)
FN:86,(anonymous_6)
FN:87,(anonymous_7)
FN:89,(anonymous_8)
FN:117,(anonymous_9)
FN:122,(anonymous_10)
FN:151,(anonymous_11)
FN:161,(anonymous_12)
FN:172,(anonymous_13)
FN:203,(anonymous_14)
FN:216,(anonymous_15)
FN:252,(anonymous_16)
FN:290,(anonymous_17)
FN:319,(anonymous_18)
FN:320,(anonymous_19)
FN:335,(anonymous_20)
FN:337,(anonymous_21)
FN:342,(anonymous_22)
FN:355,(anonymous_23)
FN:372,(anonymous_24)
FN:373,(anonymous_25)
FN:386,(anonymous_26)
FN:392,(anonymous_27)
FN:407,(anonymous_28)
FN:415,(anonymous_29)
FN:425,(anonymous_30)
FN:433,(anonymous_31)
FN:441,(anonymous_32)
FN:446,(anonymous_33)
FNF:34
FNH:27
FNDA:47,(anonymous_0)
FNDA:72,(anonymous_1)
FNDA:72,(anonymous_2)
FNDA:36,(anonymous_3)
FNDA:36,(anonymous_4)
FNDA:72,(anonymous_5)
FNDA:36,(anonymous_6)
FNDA:36,(anonymous_7)
FNDA:36,(anonymous_8)
FNDA:0,(anonymous_9)
FNDA:0,(anonymous_10)
FNDA:4,(anonymous_11)
FNDA:0,(anonymous_12)
FNDA:0,(anonymous_13)
FNDA:7,(anonymous_14)
FNDA:36,(anonymous_15)
FNDA:1,(anonymous_16)
FNDA:47,(anonymous_17)
FNDA:47,(anonymous_18)
FNDA:96,(anonymous_19)
FNDA:35,(anonymous_20)
FNDA:1,(anonymous_21)
FNDA:0,(anonymous_22)
FNDA:37,(anonymous_23)
FNDA:0,(anonymous_24)
FNDA:0,(anonymous_25)
FNDA:11,(anonymous_26)
FNDA:36,(anonymous_27)
FNDA:2,(anonymous_28)
FNDA:1,(anonymous_29)
FNDA:2,(anonymous_30)
FNDA:5,(anonymous_31)
FNDA:5,(anonymous_32)
FNDA:8,(anonymous_33)
DA:2,1
DA:3,1
DA:6,1
DA:7,1
DA:12,1
DA:13,47
DA:15,1
DA:23,1
DA:33,72
DA:37,1
DA:38,72
DA:39,72
DA:47,1
DA:48,36
DA:49,36
DA:50,36
DA:51,36
DA:52,35
DA:59,1
DA:60,36
DA:61,36
DA:62,36
DA:63,36
DA:64,8
DA:65,4
DA:66,0
DA:70,1
DA:71,72
DA:72,4
DA:73,7
DA:79,1
DA:86,1
DA:87,36
DA:88,36
DA:89,36
DA:90,36
DA:91,36
DA:92,36
DA:93,36
DA:94,36
DA:95,36
DA:98,36
DA:99,36
DA:100,36
DA:101,36
DA:103,36
DA:117,1
DA:118,0
DA:120,0
DA:122,0
DA:124,0
DA:125,0
DA:129,0
DA:130,0
DA:131,0
DA:133,0
DA:136,0
DA:137,0
DA:142,0
DA:145,0
DA:148,0
DA:151,1
DA:152,4
DA:154,1
DA:155,1
DA:157,1
DA:158,1
DA:159,1
DA:161,1
DA:162,0
DA:163,0
DA:164,0
DA:165,0
DA:166,0
DA:168,0
DA:169,0
DA:172,0
DA:173,0
DA:177,0
DA:178,0
DA:179,0
DA:181,0
DA:183,0
DA:184,0
DA:186,0
DA:188,0
DA:190,0
DA:194,1
DA:195,1
DA:203,1
DA:204,7
DA:205,7
DA:206,26
DA:208,7
DA:209,7
DA:210,21
DA:211,21
DA:213,0
DA:216,1
DA:224,36
DA:226,8
DA:229,8
DA:230,8
DA:231,0
DA:233,8
DA:234,8
DA:235,7
DA:237,1
DA:241,28
DA:242,28
DA:246,36
DA:247,36
DA:248,36
DA:249,36
DA:250,36
DA:252,36
DA:253,1
DA:256,36
DA:257,36
DA:258,36
DA:259,36
DA:261,36
DA:263,14
DA:264,14
DA:265,14
DA:267,22
DA:272,36
DA:275,36
DA:277,36
DA:279,36
DA:282,36
DA:284,36
DA:290,1
DA:291,47
DA:293,47
DA:294,47
DA:306,7
DA:308,7
DA:313,40
DA:316,40
DA:319,40
DA:320,96
DA:321,47
DA:324,40
DA:325,40
DA:328,40
DA:329,40
DA:332,40
DA:336,35
DA:337,35
DA:338,1
DA:340,1
DA:342,35
DA:343,0
DA:345,35
DA:346,35
DA:348,35
DA:349,35
DA:351,35
DA:352,0
DA:357,37
DA:358,2
DA:359,2
DA:361,37
DA:362,37
DA:363,37
DA:365,37
DA:366,0
DA:367,0
DA:368,0
DA:369,0
DA:373,0
DA:374,0
DA:375,0
DA:377,0
DA:384,40
DA:387,11
DA:388,1
DA:389,1
DA:393,36
DA:394,0
DA:395,0
DA:396,0
DA:400,36
DA:401,36
DA:402,35
DA:403,35
DA:404,35
DA:405,35
DA:408,2
DA:409,2
DA:411,2
DA:412,2
DA:415,2
DA:416,1
DA:417,1
DA:418,1
DA:420,1
DA:422,2
DA:426,2
DA:427,2
DA:428,2
DA:429,2
DA:431,2
DA:434,5
DA:435,5
DA:436,2
DA:438,2
DA:442,5
DA:443,5
DA:445,5
DA:446,8
DA:448,5
DA:452,40
LF:214
LH:166
BRDA:13,0,0,0
BRDA:13,0,1,47
BRDA:13,1,0,47
BRDA:13,1,1,47
BRDA:13,1,2,47
BRDA:39,2,0,43
BRDA:39,2,1,29
BRDA:48,3,0,0
BRDA:48,3,1,36
BRDA:51,4,0,1
BRDA:51,4,1,35
BRDA:52,5,0,30
BRDA:52,5,1,5
BRDA:60,6,0,0
BRDA:60,6,1,36
BRDA:63,7,0,28
BRDA:63,7,1,8
BRDA:64,8,0,4
BRDA:64,8,1,4
BRDA:64,9,0,8
BRDA:64,9,1,8
BRDA:65,10,0,4
BRDA:65,10,1,0
BRDA:65,11,0,3
BRDA:65,11,1,1
BRDA:71,12,0,68
BRDA:71,12,1,4
BRDA:73,13,0,7
BRDA:73,13,1,0
BRDA:90,14,0,0
BRDA:90,14,1,36
BRDA:98,15,0,0
BRDA:98,15,1,36
BRDA:98,16,0,36
BRDA:98,16,1,1
BRDA:103,17,0,36
BRDA:103,17,1,0
BRDA:118,18,0,0
BRDA:118,18,1,0
BRDA:120,19,0,0
BRDA:120,19,1,0
BRDA:133,20,0,0
BRDA:133,20,1,0
BRDA:152,21,0,3
BRDA:152,21,1,1
BRDA:152,22,0,4
BRDA:152,22,1,3
BRDA:152,22,2,3
BRDA:152,22,3,2
BRDA:155,23,0,0
BRDA:155,23,1,1
BRDA:162,24,0,0
BRDA:162,24,1,0
BRDA:164,25,0,0
BRDA:164,25,1,0
BRDA:164,26,0,0
BRDA:164,26,1,0
BRDA:168,27,0,0
BRDA:168,27,1,0
BRDA:168,28,0,0
BRDA:168,28,1,0
BRDA:173,29,0,0
BRDA:173,29,1,0
BRDA:174,30,0,0
BRDA:174,30,1,0
BRDA:175,31,0,0
BRDA:175,31,1,0
BRDA:175,32,0,0
BRDA:175,32,1,0
BRDA:178,33,0,0
BRDA:178,33,1,0
BRDA:179,34,0,0
BRDA:179,34,1,0
BRDA:181,35,0,0
BRDA:181,35,1,0
BRDA:206,36,0,26
BRDA:206,36,1,26
BRDA:210,37,0,21
BRDA:210,37,1,21
BRDA:211,38,0,7
BRDA:211,38,1,14
BRDA:221,39,0,35
BRDA:224,40,0,8
BRDA:224,40,1,28
BRDA:226,41,0,1
BRDA:226,41,1,7
BRDA:230,42,0,8
BRDA:230,42,1,7
BRDA:230,42,2,0
BRDA:234,43,0,7
BRDA:234,43,1,1
BRDA:242,44,0,1
BRDA:242,44,1,27
BRDA:250,45,0,1
BRDA:250,45,1,35
BRDA:253,46,0,1
BRDA:253,46,1,0
BRDA:261,47,0,14
BRDA:261,47,1,22
BRDA:282,48,0,36
BRDA:282,48,1,35
BRDA:290,49,0,0
BRDA:290,50,0,13
BRDA:294,51,0,7
BRDA:294,51,1,40
BRDA:295,52,0,47
BRDA:295,52,1,45
BRDA:295,52,2,45
BRDA:295,52,3,45
BRDA:295,52,4,44
BRDA:295,52,5,43
BRDA:295,52,6,43
BRDA:295,52,7,42
BRDA:295,52,8,41
BRDA:320,53,0,96
BRDA:320,53,1,92
BRDA:320,54,0,96
BRDA:320,54,1,92
BRDA:340,55,0,1
BRDA:340,55,1,0
BRDA:351,56,0,0
BRDA:351,56,1,35
BRDA:351,57,0,35
BRDA:351,57,1,0
BRDA:351,57,2,0
BRDA:351,57,3,0
BRDA:357,58,0,2
BRDA:357,58,1,35
BRDA:361,59,0,2
BRDA:361,59,1,35
BRDA:362,60,0,2
BRDA:362,60,1,35
BRDA:365,61,0,0
BRDA:365,61,1,37
BRDA:369,62,0,0
BRDA:369,62,1,0
BRDA:374,63,0,0
BRDA:374,63,1,0
BRDA:387,64,0,1
BRDA:387,64,1,10
BRDA:393,65,0,0
BRDA:393,65,1,36
BRDA:395,66,0,0
BRDA:395,66,1,0
BRDA:400,67,0,0
BRDA:400,67,1,36
BRDA:401,68,0,1
BRDA:401,68,1,35
BRDA:401,69,0,36
BRDA:401,69,1,1
BRDA:401,69,2,36
BRDA:401,69,3,1
BRDA:408,70,0,0
BRDA:408,70,1,2
BRDA:411,71,0,2
BRDA:411,71,1,0
BRDA:412,72,0,2
BRDA:412,72,1,0
BRDA:420,73,0,1
BRDA:420,73,1,0
BRDA:426,74,0,0
BRDA:426,74,1,2
BRDA:434,75,0,0
BRDA:434,75,1,5
BRDA:435,76,0,2
BRDA:435,76,1,3
BRDA:435,77,0,5
BRDA:435,77,1,4
BRDA:435,77,2,4
BRDA:435,77,3,2
BRDA:442,78,0,0
BRDA:442,78,1,5
BRDA:443,79,0,0
BRDA:443,79,1,5
BRDA:445,80,0,2
BRDA:445,80,1,3
BRF:176
BRH:112
end_of_record
TN:
SF:src/helpers.ts
FN:7,(anonymous_0)
FN:13,(anonymous_1)
FN:13,(anonymous_2)
FNF:3
FNH:3
FNDA:49,(anonymous_0)
FNDA:2,(anonymous_1)
FNDA:2,(anonymous_2)
DA:7,49
DA:13,2
LF:2
LH:2
BRF:0
BRH:0
end_of_record
